app/build/intermediates/manifest_merge_blame_file/debug/manifest-merger-blame-debug-report.txt
1<?xml version="1.0" encoding="utf-8"?>
2<manifest xmlns:android="http://schemas.android.com/apk/res/android"
3    package="dev.lednevok1.devicespoof"
4    android:versionCode="1"
5    android:versionName="1.0.0" >
6
7    <uses-sdk
8        android:minSdkVersion="28"
8-->src/main/AndroidManifest.xml
9        android:targetSdkVersion="33" />
9-->src/main/AndroidManifest.xml
10
11    <uses-permission android:name="android.permission.WRITE_EXTERNAL_STORAGE" />
11-->src/main/AndroidManifest.xml:4:5-81
11-->src/main/AndroidManifest.xml:4:22-78
12    <uses-permission android:name="android.permission.MANAGE_EXTERNAL_STORAGE" />
12-->src/main/AndroidManifest.xml:5:5-82
12-->src/main/AndroidManifest.xml:5:22-79
13    <uses-permission android:name="android.permission.READ_EXTERNAL_STORAGE" />
13-->src/main/AndroidManifest.xml:6:5-80
13-->src/main/AndroidManifest.xml:6:22-77
14
15    <queries>
15-->[com.itsaky.androidide:logsender:2.7.1-beta] AndroidManifest.xml:23:5-25:15
16        <package android:name="com.itsaky.androidide" />
16-->[com.itsaky.androidide:logsender:2.7.1-beta] AndroidManifest.xml:24:9-57
16-->[com.itsaky.androidide:logsender:2.7.1-beta] AndroidManifest.xml:24:18-54
17    </queries>
18
19    <uses-permission android:name="android.permission.INTERNET" />
19-->[com.itsaky.androidide:logsender:2.7.1-beta] AndroidManifest.xml:27:5-67
19-->[com.itsaky.androidide:logsender:2.7.1-beta] AndroidManifest.xml:27:22-64
20    <uses-permission android:name="com.itsaky.androidide.permission.BIND_LOG_SERVICE" />
20-->[com.itsaky.androidide:logsender:2.7.1-beta] AndroidManifest.xml:28:5-89
20-->[com.itsaky.androidide:logsender:2.7.1-beta] AndroidManifest.xml:28:22-86
21    <uses-permission android:name="android.permission.FOREGROUND_SERVICE" />
21-->[com.itsaky.androidide:logsender:2.7.1-beta] AndroidManifest.xml:29:5-77
21-->[com.itsaky.androidide:logsender:2.7.1-beta] AndroidManifest.xml:29:22-74
22
23    <application
23-->src/main/AndroidManifest.xml:7:5-21:19
24        android:allowBackup="true"
24-->src/main/AndroidManifest.xml:8:9-35
25        android:debuggable="true"
26        android:extractNativeLibs="false"
27        android:label="@string/app_name"
27-->src/main/AndroidManifest.xml:9:9-41
28        android:supportsRtl="true" >
28-->src/main/AndroidManifest.xml:10:9-35
29        <meta-data
29-->src/main/AndroidManifest.xml:12:9-14:36
30            android:name="xposedmodule"
30-->src/main/AndroidManifest.xml:13:13-40
31            android:value="true" />
31-->src/main/AndroidManifest.xml:14:13-33
32        <meta-data
32-->src/main/AndroidManifest.xml:15:9-17:58
33            android:name="xposeddescription"
33-->src/main/AndroidManifest.xml:16:13-45
34            android:value="@string/xposed_description" />
34-->src/main/AndroidManifest.xml:17:13-55
35        <meta-data
35-->src/main/AndroidManifest.xml:18:9-20:34
36            android:name="xposedminversion"
36-->src/main/AndroidManifest.xml:19:13-44
37            android:value="53" />
37-->src/main/AndroidManifest.xml:20:13-31
38
39        <provider
39-->[com.itsaky.androidide:logsender:2.7.1-beta] AndroidManifest.xml:32:9-36:40
40            android:name="com.itsaky.androidide.logsender.utils.LogSenderInstaller"
40-->[com.itsaky.androidide:logsender:2.7.1-beta] AndroidManifest.xml:33:13-84
41            android:authorities="dev.lednevok1.devicespoof.logsender-installer"
41-->[com.itsaky.androidide:logsender:2.7.1-beta] AndroidManifest.xml:34:13-71
42            android:enabled="@bool/logsender_enabled"
42-->[com.itsaky.androidide:logsender:2.7.1-beta] AndroidManifest.xml:35:13-54
43            android:exported="false" />
43-->[com.itsaky.androidide:logsender:2.7.1-beta] AndroidManifest.xml:36:13-37
44
45        <service
45-->[com.itsaky.androidide:logsender:2.7.1-beta] AndroidManifest.xml:38:9-41:56
46            android:name="com.itsaky.androidide.logsender.LogSenderService"
46-->[com.itsaky.androidide:logsender:2.7.1-beta] AndroidManifest.xml:39:13-76
47            android:exported="false"
47-->[com.itsaky.androidide:logsender:2.7.1-beta] AndroidManifest.xml:40:13-37
48            android:foregroundServiceType="dataSync" />
48-->[com.itsaky.androidide:logsender:2.7.1-beta] AndroidManifest.xml:41:13-53
49    </application>
50
51</manifest>